2014-09-03 11:27:35,795 [INFO ] (GenericBatch) ---------- Initialisation du batch -----------
2014-09-03 11:27:35,795 [INFO ] (GenericBatch) Batch : Test
2014-09-03 11:27:35,795 [INFO ] (GenericBatch) Version : Version non définie
2014-09-03 11:27:35,795 [INFO ] (GenericBatch) Version GenericBatch: non définie
2014-09-03 11:27:35,795 [INFO ] (GenericBatch) ----------- Chargement des modules -----------
2014-09-03 11:27:35,795 [INFO ] (GenericBatch) Module chargé : FileWriter
2014-09-03 11:27:35,811 [INFO ] (GenericBatch) Module chargé : CommandExecutor
2014-09-03 11:27:35,904 [DEBUG] (Mailer) Mail : Paramétrage de session
2014-09-03 11:27:35,904 [DEBUG] (Mailer) Hôte : localhost : 25
2014-09-03 11:27:35,904 [DEBUG] (Mailer) Auth : Non authentifié
2014-09-03 11:27:35,904 [DEBUG] (Mailer) Mail : Mode IPV4
2014-09-03 11:27:35,904 [INFO ] (GenericBatch) Module complémentaire chargé : mail
2014-09-03 11:27:35,904 [INFO ] (GenericBatch) Initialisation terminée.
2014-09-03 11:27:35,920 [DEBUG] (SQLExecutor) Ouverture de la connexion en cours...
2014-09-03 11:27:36,309 [DEBUG] (SQLExecutor) Connexion ouverte.
2014-09-03 11:27:36,309 [DEBUG] (SQLExecutor) SQLExecutor : Paramétrage
2014-09-03 11:27:36,309 [DEBUG] (SQLExecutor) Connexion : AXEL/AXL@10.161.146.24:1521
2014-09-03 11:27:36,309 [DEBUG] (SQLExecutor) Mode Auto-Commit :false
2014-09-03 11:27:36,309 [DEBUG] (SQLExecutor) Fermeture de la connection en cours...
2014-09-03 11:27:36,309 [DEBUG] (SQLExecutor) Fermeture de la connection effectuée.
2014-09-03 11:27:36,325 [DEBUG] (Mailer) Mail : Nouveau message créé (ID = null)
2014-09-03 11:27:36,699 [INFO ] (Mailer) MAIL Envoyé : N°<19454208.1.1409736456403.JavaMail.santusbr@DSTIBPHAB33851F>
2014-09-03 11:27:36,699 [DEBUG] (Mailer) Mail : Récapitulatif envoi de mail
2014-09-03 11:27:36,699 [DEBUG] (Mailer) ID : <19454208.1.1409736456403.JavaMail.santusbr@DSTIBPHAB33851F>(Sauvegardé: true
2014-09-03 11:27:36,699 [DEBUG] (Mailer) Emetteur : exempl@paris.fr
2014-09-03 11:27:36,699 [DEBUG] (Mailer) Destinataire : destinataire@paris.fr
2014-09-03 11:27:36,699 [DEBUG] (Mailer) Sujet : Test Mail Generic Batch
2014-09-03 11:27:36,699 [DEBUG] (Mailer) Pièces jointes : 
2014-09-03 11:27:36,699 [DEBUG] (Mailer) Corps : Ceci est un test 

 Bonne journée
2014-09-03 11:27:36,714 [INFO ] (Mailer) MAIL Envoyé
2014-09-03 11:27:36,714 [DEBUG] (Mailer) MAIL Expéditeur : null
2014-09-03 11:27:36,714 [DEBUG] (Mailer) MAIL Destinataire : null
2014-09-03 11:27:36,714 [DEBUG] (Mailer) MAIL Objet : null
